<?xml version="1.0" encoding="UTF-8"?>
<!-- Generated by org.testng.reporters.JUnitReportReporter -->
<testsuite hostname="ASCINLAP60715" failures="0" tests="2" name="PAC_Webdriver.TC_TestNG" time="72.017" errors="0" timestamp="2024-10-24T16:46:22 IST" skipped="0">
  <testcase classname="PAC_Webdriver.TC_TestNG" name="f" time="37.920"/>
  <testcase classname="PAC_Webdriver.TC_TestNG" name="f" time="34.097"/>
</testsuite> <!-- PAC_Webdriver.TC_TestNG -->
