<?xml version="1.0" encoding="UTF-8"?>
<!-- Generated by org.testng.reporters.JUnitReportReporter -->
<testsuite hostname="ASCINLAP60715" failures="0" tests="2" name="PAC_Webdriver.TC_TestNG" time="74.852" errors="0" timestamp="2024-10-25T09:56:56 IST" skipped="0">
  <testcase classname="PAC_Webdriver.TC_TestNG" name="f" time="41.215"/>
  <testcase classname="PAC_Webdriver.TC_TestNG" name="f" time="33.637"/>
</testsuite> <!-- PAC_Webdriver.TC_TestNG -->
